app/build/outputs/logs/manifest-merger-debug-report.txt
-- Merging decision tree log ---
manifest
ADDED from src\main\AndroidManifest.xml:2:1-95:12
INJECTED from src\main\AndroidManifest.xml:2:1-95:12
INJECTED from src\main\AndroidManifest.xml:2:1-95:12
INJECTED from src\main\AndroidManifest.xml:2:1-95:12
INJECTED from src\main\AndroidManifest.xml:2:1-95:12
INJECTED from src\main\AndroidManifest.xml:2:1-95:12
INJECTED from src\main\AndroidManifest.xml:2:1-95:12
	package
		ADDED from src\main\AndroidManifest.xml:3:5-45
		INJECTED from src\main\AndroidManifest.xml
		INJECTED from src\main\AndroidManifest.xml
	android:versionName
		INJECTED from src\main\AndroidManifest.xml
		ADDED from src\main\AndroidManifest.xml:2:1-95:12
		INJECTED from src\main\AndroidManifest.xml
	android:versionCode
		INJECTED from src\main\AndroidManifest.xml
		ADDED from src\main\AndroidManifest.xml:2:1-95:12
		INJECTED from src\main\AndroidManifest.xml
	xmlns:android
		ADDED from src\main\AndroidManifest.xml:2:11-69
uses-feature#0x00020000
ADDED from src\main\AndroidManifest.xml:5:5-54
	android:glEsVersion
		ADDED from src\main\AndroidManifest.xml:5:19-51
uses-feature#android.hardware.camera
ADDED from src\main\AndroidManifest.xml:21:5-60
	android:name
		ADDED from src\main\AndroidManifest.xml:21:19-57
uses-permission#android.permission.CAMERA
ADDED from src\main\AndroidManifest.xml:26:5-65
	android:name
		ADDED from src\main\AndroidManifest.xml:26:22-62
uses-permission#android.permission.INTERNET
ADDED from src\main\AndroidManifest.xml:31:5-66
	android:name
		ADDED from src\main\AndroidManifest.xml:31:22-64
uses-permission#android.permission.ACCESS_NETWORK_STATE
ADDED from src\main\AndroidManifest.xml:37:5-79
	android:name
		ADDED from src\main\AndroidManifest.xml:37:22-76
uses-permission#android.permission.READ_EXTERNAL_STORAGE
ADDED from src\main\AndroidManifest.xml:39:5-79
	android:name
		ADDED from src\main\AndroidManifest.xml:39:22-77
application
ADDED from src\main\AndroidManifest.xml:51:5-93:19
	android:supportsRtl
		ADDED from src\main\AndroidManifest.xml:58:9-36
	android:label
		ADDED from src\main\AndroidManifest.xml:53:9-41
	android:launchMode
		ADDED from src\main\AndroidManifest.xml:55:9-40
	android:icon
		ADDED from src\main\AndroidManifest.xml:52:9-38
	android:allowBackup
		ADDED from src\main\AndroidManifest.xml:56:9-35
	android:description
		ADDED from src\main\AndroidManifest.xml:54:9-54
	android:theme
		ADDED from src\main\AndroidManifest.xml:57:9-47
activity#com.vuforia.engine.CoreSamples.app.CloudRecognition.CloudReco
ADDED from src\main\AndroidManifest.xml:80:9-91:20
	android:launchMode
		ADDED from src\main\AndroidManifest.xml:84:13-44
	android:configChanges
		ADDED from src\main\AndroidManifest.xml:82:13-93
	android:theme
		ADDED from src\main\AndroidManifest.xml:83:13-51
	android:name
		ADDED from src\main\AndroidManifest.xml:81:13-89
intent-filter#action:name:android.intent.action.MAIN+category:name:android.intent.category.LAUNCHER
ADDED from src\main\AndroidManifest.xml:86:13-90:29
action#android.intent.action.MAIN
ADDED from src\main\AndroidManifest.xml:87:17-69
	android:name
		ADDED from src\main\AndroidManifest.xml:87:25-66
category#android.intent.category.LAUNCHER
ADDED from src\main\AndroidManifest.xml:89:17-77
	android:name
		ADDED from src\main\AndroidManifest.xml:89:27-74
uses-sdk
INJECTED from src\main\AndroidManifest.xml reason: use-sdk injection requested
INJECTED from src\main\AndroidManifest.xml
INJECTED from src\main\AndroidManifest.xml
INJECTED from src\main\AndroidManifest.xml
INJECTED from src\main\AndroidManifest.xml
	android:targetSdkVersion
		INJECTED from src\main\AndroidManifest.xml
		ADDED from src\main\AndroidManifest.xml
		INJECTED from src\main\AndroidManifest.xml
	android:minSdkVersion
		INJECTED from src\main\AndroidManifest.xml
		ADDED from src\main\AndroidManifest.xml
		INJECTED from src\main\AndroidManifest.xml